Arguments: 
  /usr/bin/node /usr/local/bin/yarn publish

PATH: 
  /home/damien/.rvm/gems/ruby-2.3.0/bin:/home/damien/.rvm/gems/ruby-2.3.0@global/bin:/home/damien/.rvm/rubies/ruby-2.3.0/bin:/usr/local/sbin:/usr/local/bin:/usr/sbin:/usr/bin:/sbin:/bin:/usr/games:/usr/local/games:/snap/bin:/home/damien/.rvm/bin:/home/damien/.rvm/bin:/home/damien/.rvm/bin:/home/damien/.rvm/bin

Yarn version: 
  1.9.4

Node version: 
  8.10.0

Platform: 
  linux x64

Trace: 
  Error: canceled
      at Interface.<anonymous> (/usr/local/lib/node_modules/yarn/lib/cli.js:126002:13)
      at emitNone (events.js:106:13)
      at Interface.emit (events.js:208:7)
      at Interface._ttyWrite (readline.js:775:16)
      at ReadStream.onkeypress (readline.js:160:10)
      at emitTwo (events.js:126:13)
      at ReadStream.emit (events.js:214:7)
      at emitKeys (internal/readline.js:420:14)
      at emitKeys.next (<anonymous>)
      at ReadStream.onData (readline.js:1011:36)

npm manifest: 
  {
    "name": "fine-upload-file",
    "version": "0.9.0",
    "description": "help integration for fineuploader",
    "main": "app.php",
    "repository": "https://github.com/dbeauseigneur/fineUploaderFormDemo.git",
    "author": "damien <dbeauseigneur@gmail.com>",
    "license": "MIT",
    "dependencies": {
      "fine-uploader": "^5.16.2"
    }
  }

yarn manifest: 
  No manifest

Lockfile: 
  # THIS IS AN AUTOGENERATED FILE. DO NOT EDIT THIS FILE DIRECTLY.
  # yarn lockfile v1
  
  
  fine-uploader@^5.16.2:
    version "5.16.2"
    resolved "https://registry.yarnpkg.com/fine-uploader/-/fine-uploader-5.16.2.tgz#0d878da1cd2753f80683ac091df5daff9ffb8c44"
